INFO:trainer:
### Convolutional Network Trainer Log ###

Network Parameters
num convolution layers = 5
num convolution filters = 50
convolution filter size = 5
regression layers = (100, 100, 10)
num classes = 10
activation = tanh

Trainer Parameters
cost function = MSE
learning method = StandardSGD
batch size = 50
learning rate = 0.0001


INFO:sh.command:<Command '/usr/bin/mkdir -p ne...(28 more)' call_args {'no_out': False, 'c...(495 more)>: starting process
INFO:sh.command:<Command '/usr/bin/mkdir -p ne...(27 more)' call_args {'no_out': False, 'c...(495 more)>: starting process
INFO:trainer:
-- Status at epoch: 0 --
Change in average cost: 0.168977484107 -> 0.0
     Improvement of 0.168977484107 or 100.0%
Number of examples seen: 50000000
Training time: 188.70049916666667 minutes


INFO:trainer:
-- Status at epoch: 1 --
Change in average cost: 0.0946719348431 -> 0.0
     Improvement of 0.0946719348431 or 100.0%
Number of examples seen: 50000000
Training time: 188.57452849999999 minutes


INFO:trainer:
-- Status at epoch: 2 --
Change in average cost: 0.0898778885603 -> 0.0
     Improvement of 0.0898778885603 or 100.0%
Number of examples seen: 50000000
Training time: 188.59906929999997 minutes


