INFO:trainer:
### Convolutional Network Trainer Log ###

Network Parameters
num convolution layers = 3
num convolution filters = 50
convolution filter size = 5
regression layers = (100, 100, 100, 100, 100, 10)
num classes = 10
activation = tanh

Trainer Parameters
cost function = MSE
learning method = StandardSGD
batch size = 50
learning rate = 0.0001


INFO:sh.command:<Command '/usr/bin/mkdir -p ne...(29 more)' call_args {'tty_out': True, 't...(495 more)>: starting process
INFO:sh.command:<Command '/usr/bin/mkdir -p ne...(28 more)' call_args {'tty_out': True, 't...(495 more)>: starting process
INFO:trainer:
-- Status at epoch: 0 --
Change in average cost: 0.220704227686 -> 0.0
     Improvement of 0.220704227686 or 100.0%
Number of examples seen: 50000000
Training time: 148.83994975000002 minutes


INFO:trainer:
-- Status at epoch: 1 --
Change in average cost: 0.09633718431 -> 0.0
     Improvement of 0.09633718431 or 100.0%
Number of examples seen: 50000000
Training time: 148.84554911666666 minutes


INFO:trainer:
-- Status at epoch: 2 --
Change in average cost: 0.0849245712161 -> 0.0
     Improvement of 0.0849245712161 or 100.0%
Number of examples seen: 50000000
Training time: 148.80226483333328 minutes


