INFO:trainer:
### Convolutional Network Trainer Log ###

Network Parameters
num convolution layers = 3
num convolution filters = 50
convolution filter size = 5
regression layers = (100, 100, 10)
num classes = 10
activation = tanh

Trainer Parameters
cost function = MSE
learning method = StandardSGD
batch size = 50
learning rate = 0.0001


INFO:sh.command:<Command '/usr/bin/mkdir -p ne...(28 more)' call_args {'ok_code': [0], 'tt...(495 more)>: starting process
INFO:sh.command:<Command '/usr/bin/mkdir -p ne...(27 more)' call_args {'ok_code': [0], 'tt...(495 more)>: starting process
INFO:trainer:
-- Status at epoch: 0 --
Change in average cost: 0.240793466568 -> 0.0
     Improvement of 0.240793466568 or 100.0%
Number of examples seen: 50000000
Training time: 148.82034935000001 minutes


INFO:trainer:
-- Status at epoch: 1 --
Change in average cost: 0.229135543108 -> 0.0
     Improvement of 0.229135543108 or 100.0%
Number of examples seen: 50000000
Training time: 148.77442870000004 minutes


INFO:trainer:
-- Status at epoch: 2 --
Change in average cost: 0.211007833481 -> 0.0
     Improvement of 0.211007833481 or 100.0%
Number of examples seen: 50000000
Training time: 148.81075611666668 minutes


