INFO:trainer:
### Convolutional Network Trainer Log ###

Network Parameters
num convolution layers = 7
num convolution filters = 50
convolution filter size = 3
regression layers = (100, 100, 10)
num classes = 10
activation = tanh

Trainer Parameters
cost function = MSE
learning method = StandardSGD
batch size = 50
learning rate = 0.0001


INFO:sh.command:<Command '/usr/bin/mkdir -p ne...(28 more)' call_args {'tty_out': True, 'w...(495 more)>: starting process
INFO:sh.command:<Command '/usr/bin/mkdir -p ne...(27 more)' call_args {'tty_out': True, 'w...(495 more)>: starting process
INFO:trainer:
-- Status at epoch: 0 --
Change in average cost: 0.150868549943 -> 0.0
     Improvement of 0.150868549943 or 100.0%
Number of examples seen: 50000000
Training time: 180.84497891666666 minutes


INFO:trainer:
-- Status at epoch: 1 --
Change in average cost: 0.134187057614 -> 0.0
     Improvement of 0.134187057614 or 100.0%
Number of examples seen: 50000000
Training time: 180.8782216666667 minutes


INFO:trainer:
-- Status at epoch: 2 --
Change in average cost: 0.139790460467 -> 0.0
     Improvement of 0.139790460467 or 100.0%
Number of examples seen: 50000000
Training time: 180.82765523333333 minutes


