INFO:trainer:
### Convolutional Network Trainer Log ###

Network Parameters
num convolution layers = 3
num convolution filters = 50
convolution filter size = 3
regression layers = (100, 100, 100, 100, 100, 10)
num classes = 10
activation = tanh

Trainer Parameters
cost function = MSE
learning method = StandardSGD
batch size = 50
learning rate = 0.0001


INFO:sh.command:<Command '/usr/bin/mkdir -p ne...(28 more)' call_args {'tty_out': True, 't...(495 more)>: starting process
INFO:sh.command:<Command '/usr/bin/mkdir -p ne...(27 more)' call_args {'tty_out': True, 't...(495 more)>: starting process
INFO:trainer:
-- Status at epoch: 0 --
Change in average cost: 0.151784911752 -> 0.0
     Improvement of 0.151784911752 or 100.0%
Number of examples seen: 50000000
Training time: 97.87939946666667 minutes


INFO:trainer:
-- Status at epoch: 1 --
Change in average cost: 0.0709150657058 -> 0.0
     Improvement of 0.0709150657058 or 100.0%
Number of examples seen: 50000000
Training time: 97.87847428333335 minutes


INFO:trainer:
-- Status at epoch: 2 --
Change in average cost: 0.0929165706038 -> 0.0
     Improvement of 0.0929165706038 or 100.0%
Number of examples seen: 50000000
Training time: 97.85964326666668 minutes


